-----BEGIN RSA PRIVATE KEY-----
Proc-Type: 4,ENCRYPTED
DEK-Info: AES-128-CBC,4C29B74A564C5FE4D61104F94B86A6B0

Z6U4jGKHfLpDXH82tgCvzaeGMbkJykE666/FlmN/kR9eSdNRjmfwVLqeAAcGScQb
lV2csaRNo+gGQTnpaYUErmh6ru3C6Eynr9dpA7aL4T9bwMEyI0nEK2XgD/iSDoIx
ZU0pGnipe98xrdNg2PJU/1V4WtPD1QA3c27Yp9TNUk9pUbEQsM2D3UlFlCL7EJMw
avI29bpG69XNG8Ok70bVItvVU8bDAeH+WZ+43UTTDAdBedu71XspK+gO2nXyfjv2
ZHIZQGJU70eYD/JP3l7/WgeFU9eLKDYVhrKhDMvdCj4s9FRKTsD8NW0vWhobsjfj
nj2AItg2zylW/pCiYMF89YoWT7lungsSyuCdWIVFF3WJW8XF5lFReAmWaK4ASFEm
M5O1ov9EoYM/L7u+iPftcfpRc4CGZWxO4CGjrC4yh+jbLtad5XbiGQqwyLbHhY2Q
qz24Cj8vUqtGOPCSw5Lm4jRYsjhSj0OcKixeHc3+Fjz1zsnL2z7A8pUu+iInVqM4
pZbYD0tH4q1HNrtIwJ/ExxVUGgJlx1v8D9f8n1HMazYdLA7sN9zgNdZB+GNh/geQ
KCpMnfY27te+QkV8TNPU3s0zCOSyEYcczehP9Wzxc9DtJnqbvRGToXCH4+UDgPM9
ZOcZHgoaEYLUI1jUxhkcSjhavYg2bgLyYtnPfwyboLFZ2bsL6iUf5Sv9b2BlNM9P
HwwncMtLjMXVGbpDvzhNDd9wBJ12jQWgi6ZXNy8K1B6zeHiNunVnQUVAlyudggHO
A8HT2pXwh1+HrfHIgJMRqYvdsjylY+vHLNmnHRW2VwvCFvY/yuwwO1HKJdiMSmG2
qJHe2u/C/aRTMYMwaWjVwzAOwpYGCGfBONPYXkyBW7GPo8Es+XeAx5+7h9xeiBk6
JdkADlu0xYrimXbs+MLoRZJOlOvON1l/Tvj6pzHr8OwSYo71piVkN7raUeHUWSlP
l0pDPvbH3iTSdyEwsrXUuHXQCe9Fi1rCFKqZWME6vuHXPEZpHk+3r81fnPD7icuz
P6ZMeZe+n05pyFHe+z5fcujuPE7JHCwQQWu/R7idSLjk9sY9X3He5HgxAjohOKN2
4pG254V0h/BnEqFFEdNALVOP19Vg5StFFmrx9jXDGyJuQcony58V/oruX+PGbodE
Lm6OkI3urs8ZDzs69YIi2pmRPqyMGjrfj5xKCERQkY0wDL3l3PiRE29C3i9+l5mT
NDFqUJV5iL8DtrA3masFzGNYi1vUECXHgnw4e9CCu3ujtrdBSX7rGHHlfsrSquV/
1bhP7YX2uaRnR7yVilsa8smXkCJBFraG0foOxgNHedW5rLUeqkOPWQM5pl6DF7iD
riCkMH6Q4mSEUl8zLEHovhW6U13LJo/uHvaDBEo8r9d33JFiPOmasKo7MFGuhxkJ
EJvjZZG1P9niqq+O0kAwaVmRVt75Aba3K2aQlQh6n9cQUy+551jSyc0GshXoOXTw
47N6wzKw6DN3M7d7gBdW+LiSbj00XTl3GdtFg1y+AnLMVlZPgPfTuAsE3sIHpKtf
4AVj0RDbzuUGFvJYis/Ge9EX1zse2ZQBv5A4cWvfw+OcM9XoPKEuluQ89VLwjN9M
-----END RSA PRIVATE KEY-----
-----BEGIN RSA PRIVATE KEY-----
Proc-Type: 4,ENCRYPTED
DEK-Info: AES-128-CBC,4C29B74A564C5FE4D61104F94B86A6B0

Z6U4jGKHfLpDXH82tgCvzaeGMbkJykE666/FlmN/kR9eSdNRjmfwVLqeAAcGScQb
lV2csaRNo+gGQTnpaYUErmh6ru3C6Eynr9dpA7aL4T9bwMEyI0nEK2XgD/iSDoIx
ZU0pGnipe98xrdNg2PJU/1V4WtPD1QA3c27Yp9TNUk9pUbEQsM2D3UlFlCL7EJMw
avI29bpG69XNG8Ok70bVItvVU8bDAeH+WZ+43UTTDAdBedu71XspK+gO2nXyfjv2
ZHIZQGJU70eYD/JP3l7/WgeFU9eLKDYVhrKhDMvdCj4s9FRKTsD8NW0vWhobsjfj
nj2AItg2zylW/pCiYMF89YoWT7lungsSyuCdWIVFF3WJW8XF5lFReAmWaK4ASFEm
M5O1ov9EoYM/L7u+iPftcfpRc4CGZWxO4CGjrC4yh+jbLtad5XbiGQqwyLbHhY2Q
qz24Cj8vUqtGOPCSw5Lm4jRYsjhSj0OcKixeHc3+Fjz1zsnL2z7A8pUu+iInVqM4
pZbYD0tH4q1HNrtIwJ/ExxVUGgJlx1v8D9f8n1HMazYdLA7sN9zgNdZB+GNh/geQ
KCpMnfY27te+QkV8TNPU3s0zCOSyEYcczehP9Wzxc9DtJnqbvRGToXCH4+UDgPM9
ZOcZHgoaEYLUI1jUxhkcSjhavYg2bgLyYtnPfwyboLFZ2bsL6iUf5Sv9b2BlNM9P
HwwncMtLjMXVGbpDvzhNDd9wBJ12jQWgi6ZXNy8K1B6zeHiNunVnQUVAlyudggHO
A8HT2pXwh1+HrfHIgJMRqYvdsjylY+vHLNmnHRW2VwvCFvY/yuwwO1HKJdiMSmG2
qJHe2u/C/aRTMYMwaWjVwzAOwpYGCGfBONPYXkyBW7GPo8Es+XeAx5+7h9xeiBk6
JdkADlu0xYrimXbs+MLoRZJOlOvON1l/Tvj6pzHr8OwSYo71piVkN7raUeHUWSlP
l0pDPvbH3iTSdyEwsrXUuHXQCe9Fi1rCFKqZWME6vuHXPEZpHk+3r81fnPD7icuz
P6ZMeZe+n05pyFHe+z5fcujuPE7JHCwQQWu/R7idSLjk9sY9X3He5HgxAjohOKN2
4pG254V0h/BnEqFFEdNALVOP19Vg5StFFmrx9jXDGyJuQcony58V/oruX+PGbodE
Lm6OkI3urs8ZDzs69YIi2pmRPqyMGjrfj5xKCERQkY0wDL3l3PiRE29C3i9+l5mT
NDFqUJV5iL8DtrA3masFzGNYi1vUECXHgnw4e9CCu3ujtrdBSX7rGHHlfsrSquV/
1bhP7YX2uaRnR7yVilsa8smXkCJBFraG0foOxgNHedW5rLUeqkOPWQM5pl6DF7iD
riCkMH6Q4mSEUl8zLEHovhW6U13LJo/uHvaDBEo8r9d33JFiPOmasKo7MFGuhxkJ
EJvjZZG1P9niqq+O0kAwaVmRVt75Aba3K2aQlQh6n9cQUy+551jSyc0GshXoOXTw
47N6wzKw6DN3M7d7gBdW+LiSbj00XTl3GdtFg1y+AnLMVlZPgPfTuAsE3sIHpKtf
4AVj0RDbzuUGFvJYis/Ge9EX1zse2ZQBv5A4cWvfw+OcM9XoPKEuluQ89VLwjN9M
-----END RSA PRIVATE KEY-----
